05/11/2015 15:16:37 Guardião Itaú Unibanco, versão 1.4.0.0. Descrição do processo de instalação do Guardião. As informações contidas nesse documento poderão ser solicitadas pela central de atendimento caso ocorra um erro no processo de instalação. A exclusão desse documento não acarreta nenhum problema de performance na sua máquina.
05/11/2015 15:16:37 1.4.0.0
05/11/2015 15:16:37 Usuário: Paulinho(Administrador)
05/11/2015 15:16:37 Versão do Sistema Operacional: 6.2.9200
05/11/2015 15:16:37 64 Bits: true
05/11/2015 15:16:37 UAC: Ativado
05/11/2015 15:16:37 Verificando se Firefox está instalado...
05/11/2015 15:16:37 Firefox instalado, ajustando configurações necessárias...
05/11/2015 15:16:38 [Funcionamento do Guardião] Verificando...
05/11/2015 15:16:38 [Funcionamento do Guardião] Ok.
05/11/2015 15:16:38 [Configurações gerais] Verificando...
05/11/2015 15:16:38 [Configurações gerais] Ok.
05/11/2015 15:16:38 [Configurações gerais] Verificando...
05/11/2015 15:16:38 [Configurações gerais] Ok.
05/11/2015 15:16:38 [Configurações gerais] Verificando...
05/11/2015 15:16:38 [Configurações gerais] Ok.
05/11/2015 15:16:38 [Verificando permissões do Guardião] Verificando...
05/11/2015 15:16:38 [Verificando permissões do Guardião] Ok.
05/11/2015 15:16:38 [Instalação do Guardião] Verificando...
05/11/2015 15:16:38 [Instalação do Guardião] Efetuando download ...
05/11/2015 15:16:49 [Instalação do Guardião] Instalando...
05/11/2015 15:17:11 [Instalação do Guardião] Ok.
05/11/2015 15:17:11 [Verificando permissões] Verificando...
05/11/2015 15:17:16 [Verificando permissões] Ok.
05/11/2015 15:17:16 [Configurações gerais] Verificando...
05/11/2015 15:17:18 [Configurações gerais] Limpando...
05/11/2015 15:17:18 [Configurações gerais] Ok.
05/11/2015 15:17:18 [Instalação do Guardião IE] Verificando...
05/11/2015 15:17:18 [Instalação do Guardião IE] Efetuando download ...
05/11/2015 15:17:29 [Instalação do Guardião IE] Instalando...
05/11/2015 15:18:22 [Instalação do Guardião IE] Ok.
05/11/2015 15:18:22 [Configurações gerais] Verificando...
05/11/2015 15:18:22 [Configurações gerais] Ok.
05/11/2015 15:18:22 [Configurações gerais] Verificando url(s) dos domínios confiáveis...
05/11/2015 15:18:22 [Configurações gerais] Ok.
05/11/2015 15:18:22 [Ativação do Guardião IE] Verificando...
05/11/2015 15:18:22 [Ativação do Guardião IE] Ok.
05/11/2015 15:18:22 [Configurações gerais] Verificando...
05/11/2015 15:18:22 [Configurações gerais] Ok.
05/11/2015 15:18:22 [Configurações gerais] Verificando url(s) dos domínios confiáveis...
05/11/2015 15:18:23 [Configurações gerais] Ok.
05/11/2015 15:18:23 [Configurações gerais] Verificando...
05/11/2015 15:18:23 [Configurações gerais] Ok.
05/11/2015 15:18:23 [Ativação do Guardião MZ] Verificando...
05/11/2015 15:18:23 [Ativação do Guardião MZ] Ok.
05/11/2015 15:18:23 [Instalando complementos da Microsoft.] Verificando...
05/11/2015 15:18:23 [Instalando complementos da Microsoft.] Ok.
05/11/2015 15:18:23 [Instalação do Guardião] Verificando...
05/11/2015 15:18:23 [Instalação do Guardião] Efetuando download ...
05/11/2015 15:18:31 [Instalação do Guardião] Instalando...
05/11/2015 15:20:21 [Instalação do Guardião] Ok.
05/11/2015 15:20:21 [Instalando certificado do Guardião] Verificando...
05/11/2015 15:20:21 [Instalando certificado do Guardião] Instalando...
05/11/2015 15:20:21 [Instalando certificado do Guardião] Ok.
05/11/2015 15:20:22 CONCLUÍDO.
